2025-03-07 21:24:19,068 - PreProcessing - INFO - get_json - Started json file retriver 
2025-03-07 21:24:19,069 - PreProcessing - INFO - get_json - Created the required header file
2025-03-07 21:24:19,069 - PreProcessing - INFO - get_json - Successfully Hit the endpoint
2025-03-07 21:24:46,366 - PreProcessing - INFO - get_json - Successfully got response from endpoint
2025-03-07 21:24:46,368 - PreProcessing - INFO - get_json - Response Successfull:
2025-03-07 21:25:36,533 - PreProcessing - INFO - get_json - Started json file retriver 
2025-03-07 21:25:36,534 - PreProcessing - INFO - get_json - Created the required header file
2025-03-07 21:25:36,534 - PreProcessing - INFO - get_json - Successfully Hit the endpoint
2025-03-07 21:26:09,370 - PreProcessing - INFO - get_json - Successfully got response from endpoint
2025-03-07 21:26:09,373 - PreProcessing - INFO - get_json - Response Successfull:
2025-03-07 21:32:36,304 - PreProcessing - INFO - get_json - Started json file retriver 
2025-03-07 21:32:36,306 - PreProcessing - INFO - get_json - Created the required header file
2025-03-07 21:32:36,309 - PreProcessing - INFO - get_json - Successfully Hit the endpoint
2025-03-07 21:32:59,419 - PreProcessing - INFO - get_json - Successfully got response from endpoint
2025-03-07 21:33:23,590 - PreProcessing - INFO - get_json - Started json file retriver 
2025-03-07 21:33:23,591 - PreProcessing - INFO - get_json - Created the required header file
2025-03-07 21:33:23,591 - PreProcessing - INFO - get_json - Successfully Hit the endpoint
2025-03-07 21:33:45,592 - PreProcessing - INFO - get_json - Successfully got response from endpoint
2025-03-07 21:34:01,749 - PreProcessing - INFO - get_json - Started json file retriver 
2025-03-07 21:34:01,750 - PreProcessing - INFO - get_json - Created the required header file
2025-03-07 21:34:01,751 - PreProcessing - INFO - get_json - Successfully Hit the endpoint
